Arguments: 
  /usr/local/bin/node /usr/local/bin/yarn add express cooki-parser morgan debug awilix

PATH: 
  /home/nkusu/.symfony/bin:/home/nkusu/.config/composer/vendor/bin:/home/nkusu/anaconda3/bin:/home/nkusu/anaconda3/condabin:/home/nkusu/.symfony/bin:/home/nkusu/.config/composer/vendor/bin:/usr/local/sbin:/usr/local/bin:/usr/sbin:/usr/bin:/sbin:/bin:/usr/games:/usr/local/games:/snap/bin

Yarn version: 
  1.22.10

Node version: 
  14.16.0

Platform: 
  linux x64

Trace: 
  Error: https://registry.yarnpkg.com/cooki-parser: Not found
      at Request.params.callback [as _callback] (/usr/local/lib/node_modules/yarn/lib/cli.js:66988:18)
      at Request.self.callback (/usr/local/lib/node_modules/yarn/lib/cli.js:140662:22)
      at Request.emit (events.js:315:20)
      at Request.<anonymous> (/usr/local/lib/node_modules/yarn/lib/cli.js:141634:10)
      at Request.emit (events.js:315:20)
      at IncomingMessage.<anonymous> (/usr/local/lib/node_modules/yarn/lib/cli.js:141556:12)
      at Object.onceWrapper (events.js:421:28)
      at IncomingMessage.emit (events.js:327:22)
      at endReadableNT (internal/streams/readable.js:1327:12)
      at processTicksAndRejections (internal/process/task_queues.js:80:21)

npm manifest: 
  {
    "name": "maaggo_pay",
    "version": "1.0.0",
    "description": "gere le payment de maaggo",
    "main": "index.js",
    "scripts": {
      "test": "echo \"Error: no test specified\" && exit 1"
    },
    "keywords": [
      "payment",
      "m-pesa",
      "orange-money",
      "airtel-money",
      "mobile-money",
      "web-money"
    ],
    "author": "Michée NKUSU",
    "license": "MIT"
  }

yarn manifest: 
  No manifest

Lockfile: 
  No lockfile
